<?xml version="1.0" encoding="UTF-8"?>
<testng-results ignored="0" total="0" passed="0" failed="0" skipped="0">
  <reporter-output>
  </reporter-output>
  <suite started-at="2021-10-10T23:52:46 BST" name="Test" finished-at="2021-10-10T23:52:46 BST" duration-ms="7">
    <groups>
    </groups>
    <test started-at="2021-10-10T23:52:46 BST" name="Command line test" finished-at="2021-10-10T23:52:46 BST" duration-ms="7">
    </test> <!-- Command line test -->
  </suite> <!-- Test -->
</testng-results>
