<?xml version="1.0" encoding="UTF-8"?>
<testng-results ignored="0" total="1" passed="1" failed="0" skipped="0">
  <reporter-output>
  </reporter-output>
  <suite started-at="2022-01-30T19:25:14 GMT" name="Default suite" finished-at="2022-01-30T19:26:11 GMT" duration-ms="57121">
    <groups>
    </groups>
    <test started-at="2022-01-30T19:25:14 GMT" name="Default test" finished-at="2022-01-30T19:26:11 GMT" duration-ms="57121">
      <class name="sage.Functional">
        <test-method is-config="true" signature="openDriver()[pri:0, instance:sage.Functional@6e9a5ed8]" started-at="2022-01-30T19:25:14 GMT" name="openDriver" finished-at="2022-01-30T19:25:16 GMT" duration-ms="2522" status="PASS">
          <reporter-output>
          </reporter-output>
        </test-method> <!-- openDriver -->
        <test-method signature="sageObjective()[pri:0, instance:sage.Functional@6e9a5ed8]" started-at="2022-01-30T19:25:16 GMT" name="sageObjective" finished-at="2022-01-30T19:26:11 GMT" duration-ms="54555" status="PASS">
          <reporter-output>
          </reporter-output>
        </test-method> <!-- sageObjective -->
        <test-method is-config="true" signature="quit()[pri:0, instance:sage.Functional@6e9a5ed8]" started-at="2022-01-30T19:26:11 GMT" name="quit" finished-at="2022-01-30T19:26:11 GMT" duration-ms="2" status="PASS">
          <reporter-output>
          </reporter-output>
        </test-method> <!-- quit -->
      </class> <!-- sage.Functional -->
    </test> <!-- Default test -->
  </suite> <!-- Default suite -->
</testng-results>
